<?xml version="1.0" encoding="UTF-8"?>
<!-- Generated by org.testng.reporters.JUnitXMLReporter -->
<testsuite ignored="3" hostname="LAPTOP-H04DTH61" failures="0" tests="1" name="firefoxtest" time="7.278" errors="0" timestamp="2025-11-20T13:06:16 IST">
  <testcase classname="Testscript.LoginTest" name="VerifyUserLoginUsingInvalidUsernameAndValidPassword" time="3.049"/>
  <testcase classname="Testscript.LoginTest" name="VerifyUserLoginUsingInvalidUsernameAndInvalidPassword" time="0.0">
    <ignored/>
  </testcase> <!-- VerifyUserLoginUsingInvalidUsernameAndInvalidPassword -->
  <testcase classname="Testscript.LoginTest" name="verifyUserLoginUsingValidUsernameAndInvalidPassword" time="0.0">
    <ignored/>
  </testcase> <!-- verifyUserLoginUsingValidUsernameAndInvalidPassword -->
  <testcase classname="Testscript.LoginTest" name="verifyUserIsAbleToLoginUsingValidCredentials" time="0.0">
    <ignored/>
  </testcase> <!-- verifyUserIsAbleToLoginUsingValidCredentials -->
</testsuite> <!-- firefoxtest -->
