<?xml version="1.0" encoding="UTF-8"?>
<!-- Generated by org.testng.reporters.JUnitXMLReporter -->
<testsuite ignored="0" hostname="LAPTOP-H04DTH61" failures="0" tests="5" name="chrometest" time="23.688" errors="0" timestamp="2025-11-20T13:28:54 IST">
  <testcase classname="Testscript.LoginTest" name="VerifyUserLoginUsingInvalidUsernameAndInvalidPassword" time="2.336"/>
  <testcase classname="Testscript.ManageNewsTest" name="verifyUserIsAbleToCreateNews" time="5.557"/>
  <testcase classname="Testscript.LoginTest" name="VerifyUserLoginUsingInvalidUsernameAndValidPassword" time="0.954"/>
  <testcase classname="Testscript.LoginTest" name="verifyUserIsAbleToLoginUsingValidCredentials" time="1.948"/>
  <testcase classname="Testscript.LoginTest" name="verifyUserLoginUsingValidUsernameAndInvalidPassword" time="1.262"/>
</testsuite> <!-- chrometest -->
